<?xml version="1.0" encoding="UTF-8"?>
<coverage generated="1778256038921" clover="3.2.0">
  <project timestamp="1778256038921" name="All files">
    <metrics statements="27" coveredstatements="27" conditionals="12" coveredconditionals="12" methods="5" coveredmethods="5" elements="44" coveredelements="44" complexity="0" loc="27" ncloc="27" packages="1" files="1" classes="1"/>
    <file name="negation.ts" path="/Users/greg.huels/go/src/github.com/DataDog/dd-flag-migration/src/launchdarkly/negation.ts">
      <metrics statements="27" coveredstatements="27" conditionals="12" coveredconditionals="12" methods="5" coveredmethods="5"/>
      <line num="3" count="1" type="stmt"/>
      <line num="20" count="1" type="stmt"/>
      <line num="26" count="65" type="cond" truecount="2" falsecount="0"/>
      <line num="27" count="64" type="stmt"/>
      <line num="28" count="64" type="cond" truecount="2" falsecount="0"/>
      <line num="29" count="62" type="stmt"/>
      <line num="39" count="8" type="cond" truecount="2" falsecount="0"/>
      <line num="41" count="7" type="stmt"/>
      <line num="42" count="7" type="stmt"/>
      <line num="43" count="11" type="stmt"/>
      <line num="44" count="11" type="stmt"/>
      <line num="45" count="23" type="stmt"/>
      <line num="46" count="135" type="stmt"/>
      <line num="49" count="11" type="stmt"/>
      <line num="52" count="119" type="stmt"/>
      <line num="63" count="7" type="cond" truecount="2" falsecount="0"/>
      <line num="66" count="6" type="stmt"/>
      <line num="67" count="6" type="stmt"/>
      <line num="68" count="12" type="stmt"/>
      <line num="69" count="12" type="stmt"/>
      <line num="70" count="54" type="stmt"/>
      <line num="71" count="54" type="cond" truecount="2" falsecount="0"/>
      <line num="72" count="53" type="stmt"/>
      <line num="74" count="11" type="stmt"/>
      <line num="78" count="11" type="stmt"/>
      <line num="79" count="5" type="cond" truecount="2" falsecount="0"/>
      <line num="82" count="4" type="stmt"/>
    </file>
  </project>
</coverage>
