{
	"/Users/greg.huels/go/src/github.com/DataDog/dd-flag-migration/src/launchdarkly/negation.ts": {
		"path": "/Users/greg.huels/go/src/github.com/DataDog/dd-flag-migration/src/launchdarkly/negation.ts",
		"statementMap": {
			"0": {
				"start": { "line": 3, "column": 47 },
				"end": { "line": 18, "column": 2 }
			},
			"1": {
				"start": { "line": 20, "column": 28 },
				"end": { "line": 20, "column": 31 }
			},
			"2": {
				"start": { "line": 26, "column": 2 },
				"end": { "line": 26, "column": 39 }
			},
			"3": {
				"start": { "line": 26, "column": 27 },
				"end": { "line": 26, "column": 39 }
			},
			"4": {
				"start": { "line": 27, "column": 18 },
				"end": { "line": 27, "column": 52 }
			},
			"5": {
				"start": { "line": 28, "column": 2 },
				"end": { "line": 28, "column": 28 }
			},
			"6": {
				"start": { "line": 28, "column": 16 },
				"end": { "line": 28, "column": 28 }
			},
			"7": {
				"start": { "line": 29, "column": 2 },
				"end": { "line": 29, "column": 45 }
			},
			"8": {
				"start": { "line": 39, "column": 2 },
				"end": { "line": 39, "column": 37 }
			},
			"9": {
				"start": { "line": 39, "column": 27 },
				"end": { "line": 39, "column": 37 }
			},
			"10": {
				"start": { "line": 41, "column": 37 },
				"end": { "line": 41, "column": 41 }
			},
			"11": {
				"start": { "line": 42, "column": 2 },
				"end": { "line": 50, "column": 3 }
			},
			"12": {
				"start": { "line": 43, "column": 39 },
				"end": { "line": 43, "column": 41 }
			},
			"13": {
				"start": { "line": 44, "column": 4 },
				"end": { "line": 48, "column": 5 }
			},
			"14": {
				"start": { "line": 45, "column": 6 },
				"end": { "line": 47, "column": 7 }
			},
			"15": {
				"start": { "line": 46, "column": 8 },
				"end": { "line": 46, "column": 39 }
			},
			"16": {
				"start": { "line": 49, "column": 4 },
				"end": { "line": 49, "column": 18 }
			},
			"17": {
				"start": { "line": 52, "column": 2 },
				"end": { "line": 52, "column": 54 }
			},
			"18": {
				"start": { "line": 52, "column": 37 },
				"end": { "line": 52, "column": 51 }
			},
			"19": {
				"start": { "line": 63, "column": 2 },
				"end": { "line": 63, "column": 36 }
			},
			"20": {
				"start": { "line": 63, "column": 26 },
				"end": { "line": 63, "column": 36 }
			},
			"21": {
				"start": { "line": 66, "column": 45 },
				"end": { "line": 66, "column": 47 }
			},
			"22": {
				"start": { "line": 67, "column": 2 },
				"end": { "line": 75, "column": 3 }
			},
			"23": {
				"start": { "line": 68, "column": 44 },
				"end": { "line": 68, "column": 46 }
			},
			"24": {
				"start": { "line": 69, "column": 4 },
				"end": { "line": 73, "column": 5 }
			},
			"25": {
				"start": { "line": 70, "column": 18 },
				"end": { "line": 70, "column": 39 }
			},
			"26": {
				"start": { "line": 71, "column": 6 },
				"end": { "line": 71, "column": 36 }
			},
			"27": {
				"start": { "line": 71, "column": 24 },
				"end": { "line": 71, "column": 36 }
			},
			"28": {
				"start": { "line": 72, "column": 6 },
				"end": { "line": 72, "column": 28 }
			},
			"29": {
				"start": { "line": 74, "column": 4 },
				"end": { "line": 74, "column": 35 }
			},
			"30": {
				"start": { "line": 78, "column": 22 },
				"end": { "line": 78, "column": 74 }
			},
			"31": {
				"start": { "line": 78, "column": 55 },
				"end": { "line": 78, "column": 70 }
			},
			"32": {
				"start": { "line": 79, "column": 2 },
				"end": { "line": 79, "column": 53 }
			},
			"33": {
				"start": { "line": 79, "column": 41 },
				"end": { "line": 79, "column": 53 }
			},
			"34": {
				"start": { "line": 82, "column": 2 },
				"end": { "line": 82, "column": 40 }
			}
		},
		"fnMap": {
			"0": {
				"name": "negateCondition",
				"decl": {
					"start": { "line": 23, "column": 16 },
					"end": { "line": 23, "column": 31 }
				},
				"loc": {
					"start": { "line": 24, "column": 29 },
					"end": { "line": 30, "column": 1 }
				}
			},
			"1": {
				"name": "cartesianProduct",
				"decl": {
					"start": { "line": 36, "column": 16 },
					"end": { "line": 36, "column": 32 }
				},
				"loc": {
					"start": { "line": 37, "column": 30 },
					"end": { "line": 53, "column": 1 }
				}
			},
			"2": {
				"name": "(anonymous_2)",
				"decl": {
					"start": { "line": 52, "column": 20 },
					"end": { "line": 52, "column": 21 }
				},
				"loc": {
					"start": { "line": 52, "column": 37 },
					"end": { "line": 52, "column": 51 }
				}
			},
			"3": {
				"name": "negateTargetingRules",
				"decl": {
					"start": { "line": 60, "column": 16 },
					"end": { "line": 60, "column": 36 }
				},
				"loc": {
					"start": { "line": 61, "column": 31 },
					"end": { "line": 83, "column": 1 }
				}
			},
			"4": {
				"name": "(anonymous_4)",
				"decl": {
					"start": { "line": 78, "column": 42 },
					"end": { "line": 78, "column": 43 }
				},
				"loc": {
					"start": { "line": 78, "column": 55 },
					"end": { "line": 78, "column": 70 }
				}
			}
		},
		"branchMap": {
			"0": {
				"loc": {
					"start": { "line": 26, "column": 2 },
					"end": { "line": 26, "column": 39 }
				},
				"type": "if",
				"locations": [
					{
						"start": { "line": 26, "column": 2 },
						"end": { "line": 26, "column": 39 }
					},
					{ "start": {}, "end": {} }
				]
			},
			"1": {
				"loc": {
					"start": { "line": 28, "column": 2 },
					"end": { "line": 28, "column": 28 }
				},
				"type": "if",
				"locations": [
					{
						"start": { "line": 28, "column": 2 },
						"end": { "line": 28, "column": 28 }
					},
					{ "start": {}, "end": {} }
				]
			},
			"2": {
				"loc": {
					"start": { "line": 39, "column": 2 },
					"end": { "line": 39, "column": 37 }
				},
				"type": "if",
				"locations": [
					{
						"start": { "line": 39, "column": 2 },
						"end": { "line": 39, "column": 37 }
					},
					{ "start": {}, "end": {} }
				]
			},
			"3": {
				"loc": {
					"start": { "line": 63, "column": 2 },
					"end": { "line": 63, "column": 36 }
				},
				"type": "if",
				"locations": [
					{
						"start": { "line": 63, "column": 2 },
						"end": { "line": 63, "column": 36 }
					},
					{ "start": {}, "end": {} }
				]
			},
			"4": {
				"loc": {
					"start": { "line": 71, "column": 6 },
					"end": { "line": 71, "column": 36 }
				},
				"type": "if",
				"locations": [
					{
						"start": { "line": 71, "column": 6 },
						"end": { "line": 71, "column": 36 }
					},
					{ "start": {}, "end": {} }
				]
			},
			"5": {
				"loc": {
					"start": { "line": 79, "column": 2 },
					"end": { "line": 79, "column": 53 }
				},
				"type": "if",
				"locations": [
					{
						"start": { "line": 79, "column": 2 },
						"end": { "line": 79, "column": 53 }
					},
					{ "start": {}, "end": {} }
				]
			}
		},
		"s": {
			"0": 1,
			"1": 1,
			"2": 65,
			"3": 1,
			"4": 64,
			"5": 64,
			"6": 2,
			"7": 62,
			"8": 8,
			"9": 1,
			"10": 7,
			"11": 7,
			"12": 11,
			"13": 11,
			"14": 23,
			"15": 135,
			"16": 11,
			"17": 7,
			"18": 119,
			"19": 7,
			"20": 1,
			"21": 6,
			"22": 6,
			"23": 12,
			"24": 12,
			"25": 54,
			"26": 54,
			"27": 1,
			"28": 53,
			"29": 11,
			"30": 5,
			"31": 11,
			"32": 5,
			"33": 1,
			"34": 4
		},
		"f": { "0": 65, "1": 8, "2": 119, "3": 7, "4": 11 },
		"b": {
			"0": [1, 64],
			"1": [2, 62],
			"2": [1, 7],
			"3": [1, 6],
			"4": [1, 53],
			"5": [1, 4]
		}
	}
}
