TN:
SF:src/launchdarkly/negation.ts
FN:23,negateCondition
FN:36,cartesianProduct
FN:52,(anonymous_2)
FN:60,negateTargetingRules
FN:78,(anonymous_4)
FNF:5
FNH:5
FNDA:65,negateCondition
FNDA:8,cartesianProduct
FNDA:119,(anonymous_2)
FNDA:7,negateTargetingRules
FNDA:11,(anonymous_4)
DA:3,1
DA:20,1
DA:26,65
DA:27,64
DA:28,64
DA:29,62
DA:39,8
DA:41,7
DA:42,7
DA:43,11
DA:44,11
DA:45,23
DA:46,135
DA:49,11
DA:52,119
DA:63,7
DA:66,6
DA:67,6
DA:68,12
DA:69,12
DA:70,54
DA:71,54
DA:72,53
DA:74,11
DA:78,11
DA:79,5
DA:82,4
LF:27
LH:27
BRDA:26,0,0,1
BRDA:26,0,1,64
BRDA:28,1,0,2
BRDA:28,1,1,62
BRDA:39,2,0,1
BRDA:39,2,1,7
BRDA:63,3,0,1
BRDA:63,3,1,6
BRDA:71,4,0,1
BRDA:71,4,1,53
BRDA:79,5,0,1
BRDA:79,5,1,4
BRF:12
BRH:12
end_of_record
